Traceback (most recent call last):
  File "/home/ivanam/CBMS_bioWork/eda/data_analysis.py", line 55, in <module>
    data = load_biosnap_manually()
  File "/home/ivanam/CBMS_bioWork/eda/data_analysis.py", line 26, in load_biosnap_manually
    urllib.request.urlretrieve(url, path)
  File "/home/ivanam/.conda/envs/cbms_biosnap/lib/python3.10/urllib/request.py", line 241, in urlretrieve
    with contextlib.closing(urlopen(url, data)) as fp:
  File "/home/ivanam/.conda/envs/cbms_biosnap/lib/python3.10/urllib/request.py", line 216, in urlopen
    return opener.open(url, data, timeout)
  File "/home/ivanam/.conda/envs/cbms_biosnap/lib/python3.10/urllib/request.py", line 525, in open
    response = meth(req, response)
  File "/home/ivanam/.conda/envs/cbms_biosnap/lib/python3.10/urllib/request.py", line 634, in http_response
    response = self.parent.error(
  File "/home/ivanam/.conda/envs/cbms_biosnap/lib/python3.10/urllib/request.py", line 563, in error
    return self._call_chain(*args)
  File "/home/ivanam/.conda/envs/cbms_biosnap/lib/python3.10/urllib/request.py", line 496, in _call_chain
    result = func(*args)
  File "/home/ivanam/.conda/envs/cbms_biosnap/lib/python3.10/urllib/request.py", line 643, in http_error_default
    raise HTTPError(req.full_url, code, msg, hdrs, fp)
urllib.error.HTTPError: HTTP Error 404: Not Found
